{"name": "test_add2", "status": "failed", "statusDetails": {"message": "AssertionError: assert 600 == 3301\n  +600\n  -3301", "trace": "@pytest.mark.mark1\n    @pytest.mark.usefixtures('main_fixture')\n    def test_add2():\n    \n>       assert 600 == add(3001,300)\nE       assert 600 == 3301\nE         +600\nE         -3301\n\ntest_22.py:16: AssertionError"}, "start": 1638027231926, "stop": 1638027231926, "uuid": "6a5eb0cc-bfed-4007-afe8-bc47c786b638", "historyId": "28a0b41c61952770671c4a6cbbc194a0", "testCaseId": "5e3cd5857debd52b18f55e8a4dd7dfb0", "fullName": "test_22#test_add2", "labels": [{"name": "tag", "value": "@pytest.mark.usefixtures('main_fixture')"}, {"name": "tag", "value": "mark1"}, {"name": "suite", "value": "test_22"}, {"name": "host", "value": "LAPTOP-CN57IGF7"}, {"name": "thread", "value": "7548-MainThread"}, {"name": "framework", "value": "pytest"}, {"name": "language", "value": "cpython3"}, {"name": "package", "value": "test_22"}]}